This is LuaTeX, Version 1.0.4 (TeX Live 2017/Debian)  (format=lualatex 2020.1.2)  7 APR 2020 22:54
 restricted system commands enabled.
**doc_01.tex
(./doc_01.tex
LaTeX2e <2017-04-15>
[\directlua]:1: module 'luaotfload-main' not found:
	no field package.preload['luaotfload-main']
	[kpse lua searcher] file not found: 'luaotfload-main'
	[kpse C searcher] file not found: 'luaotfload-main'
Error in luaotfload: reverting to OT1
Babel <3.18> and hyphenation patterns for 1 language(s) loaded.
(/usr/share/texlive/texmf-dist/tex/latex/base/article.cls
Document Class: article 2014/09/29 v1.4h Standard LaTeX document class
(/usr/share/texlive/texmf-dist/tex/latex/base/size12.clo
File: size12.clo 2014/09/29 v1.4h Standard LaTeX file (size option)
LaTeX Font Info:    Try loading font information for OT1+lmr on input line 54.

(/usr/share/texmf/tex/latex/lm/ot1lmr.fd
File: ot1lmr.fd 2009/10/30 v1.6 Font defs for Latin Modern
))
\c@part=\count79
\c@section=\count80
\c@subsection=\count81
\c@subsubsection=\count82
\c@paragraph=\count83
\c@subparagraph=\count84
\c@figure=\count85
\c@table=\count86
\abovecaptionskip=\skip41
\belowcaptionskip=\skip42
\bibindent=\dimen102
)
(/usr/share/texlive/texmf-dist/tex/generic/babel/babel.sty
Package: babel 2018/02/14 3.18 The Babel package

(/usr/share/texlive/texmf-dist/tex/generic/babel/switch.def
File: switch.def 2018/02/14 3.18 Babel switching mechanism
)
(/usr/share/texlive/texmf-dist/tex/generic/babel/luababel.def
\l@dumylang=\language2
Package babel Info: Non-standard hyphenation setup on input line 113.
\l@nohyphenation=\language3
\l@galician=\language4
\l@usenglishmax=\language5
\l@catalan=\language6
\l@ukenglish=\language7
\l@spanish=\language8
)
(/usr/share/texlive/texmf-dist/tex/generic/babel-spanish/spanish.ldf
Language: spanish.ldf 2016/03/03 v5.0p Spanish support from the babel system

(/usr/share/texlive/texmf-dist/tex/generic/babel/babel.def
File: babel.def 2018/02/14 3.18 Babel common definitions
\babel@savecnt=\count87
\U@D=\dimen103

(/usr/share/texlive/texmf-dist/tex/generic/babel/luababel.def))
\es@quottoks=\toks14
\es@quotdepth=\count88
Package babel Info: Making " an active character on input line 561.
Package babel Info: Making . an active character on input line 662.
Package babel Info: Making < an active character on input line 707.
Package babel Info: Making > an active character on input line 707.

(/usr/share/texlive/texmf-dist/tex/generic/hyph-utf8/loadhyph/loadhyph-es.tex
UTF-8 Spanish hyphenation patterns
(/usr/share/texlive/texmf-dist/tex/generic/hyph-utf8/patterns/tex/hyph-es.tex)))
) (/usr/share/texlive/texmf-dist/tex/latex/base/inputenc.sty
Package: inputenc 2015/03/17 v1.2c Input encoding file
\inpenc@prehook=\toks15
\inpenc@posthook=\toks16


Package inputenc Warning: inputenc package ignored with utf8 based engines.

) (/usr/share/texlive/texmf-dist/tex/latex/amsmath/amsmath.sty
Package: amsmath 2017/09/02 v2.17a AMS math features
\@mathmargin=\skip43

For additional information on amsmath, use the `?' option.
(/usr/share/texlive/texmf-dist/tex/latex/amsmath/amstext.sty
Package: amstext 2000/06/29 v2.01 AMS text

(/usr/share/texlive/texmf-dist/tex/latex/amsmath/amsgen.sty
File: amsgen.sty 1999/11/30 v2.0 generic functions
\@emptytoks=\toks17
\ex@=\dimen104
))
(/usr/share/texlive/texmf-dist/tex/latex/amsmath/amsbsy.sty
Package: amsbsy 1999/11/29 v1.2d Bold Symbols
\pmbraise@=\dimen105
)
(/usr/share/texlive/texmf-dist/tex/latex/amsmath/amsopn.sty
Package: amsopn 2016/03/08 v2.02 operator names
)
\inf@bad=\count89
LaTeX Info: Redefining \frac on input line 213.
\uproot@=\count90
\leftroot@=\count91
LaTeX Info: Redefining \overline on input line 375.
\classnum@=\count92
\DOTSCASE@=\count93
LaTeX Info: Redefining \ldots on input line 472.
LaTeX Info: Redefining \dots on input line 475.
LaTeX Info: Redefining \cdots on input line 596.
\Mathstrutbox@=\box26
\strutbox@=\box27
\big@size=\dimen106
LaTeX Font Info:    Redeclaring font encoding OML on input line 712.
LaTeX Font Info:    Redeclaring font encoding OMS on input line 713.
\macc@depth=\count94
\c@MaxMatrixCols=\count95
\dotsspace@=\muskip10
\c@parentequation=\count96
\dspbrk@lvl=\count97
\tag@help=\toks18
\row@=\count98
\column@=\count99
\maxfields@=\count100
\andhelp@=\toks19
\eqnshift@=\dimen107
\alignsep@=\dimen108
\tagshift@=\dimen109
\tagwidth@=\dimen110
\totwidth@=\dimen111
\lineht@=\dimen112
\@envbody=\toks20
\multlinegap=\skip44
\multlinetaggap=\skip45
\mathdisplay@stack=\toks21
LaTeX Info: Redefining \[ on input line 2817.
LaTeX Info: Redefining \] on input line 2818.
)
(/usr/share/texlive/texmf-dist/tex/latex/amsfonts/amsfonts.sty
Package: amsfonts 2013/01/14 v3.01 Basic AMSFonts support
\symAMSa=\mathgroup4
\symAMSb=\mathgroup5
LaTeX Font Info:    Overwriting math alphabet `\mathfrak' in version `bold'
(Font)                  U/euf/m/n --> U/euf/b/n on input line 106.
)
(/usr/share/texlive/texmf-dist/tex/latex/amsfonts/amssymb.sty
Package: amssymb 2013/01/14 v3.01 AMS font symbols
)
(/usr/share/texlive/texmf-dist/tex/latex/natbib/natbib.sty
Package: natbib 2010/09/13 8.31b (PWD, AO)
\bibhang=\skip46
\bibsep=\skip47
LaTeX Info: Redefining \cite on input line 694.
\c@NAT@ctr=\count101
)
(/usr/share/texlive/texmf-dist/tex/latex/cite/cite.sty
LaTeX Info: Redefining \cite on input line 302.
LaTeX Info: Redefining \nocite on input line 332.
Package: cite 2015/02/27  v 5.5
) (./doc_01.aux
LaTeX Info: Redefining \. on input line 7.
LaTeX Info: Redefining \% on input line 7.
)
\openout1 = doc_01.aux

LaTeX Font Info:    Checking defaults for OML/cmm/m/it on input line 11.
LaTeX Font Info:    ... okay on input line 11.
LaTeX Font Info:    Checking defaults for T1/cmr/m/n on input line 11.
LaTeX Font Info:    ... okay on input line 11.
LaTeX Font Info:    Checking defaults for OT1/cmr/m/n on input line 11.
LaTeX Font Info:    ... okay on input line 11.
LaTeX Font Info:    Checking defaults for OMS/cmsy/m/n on input line 11.
LaTeX Font Info:    ... okay on input line 11.
LaTeX Font Info:    Checking defaults for TU/lmr/m/n on input line 11.
LaTeX Font Info:    ... okay on input line 11.
LaTeX Font Info:    Checking defaults for OMX/cmex/m/n on input line 11.
LaTeX Font Info:    ... okay on input line 11.
LaTeX Font Info:    Checking defaults for U/cmr/m/n on input line 11.
LaTeX Font Info:    ... okay on input line 11.
LaTeX Info: Redefining \. on input line 11.
LaTeX Info: Redefining \% on input line 11.
LaTeX Font Info:    Try loading font information for U+msa on input line 17.

(/usr/share/texlive/texmf-dist/tex/latex/amsfonts/umsa.fd
File: umsa.fd 2013/01/14 v3.01 AMS symbols A
)
LaTeX Font Info:    Try loading font information for U+msb on input line 17.

(/usr/share/texlive/texmf-dist/tex/latex/amsfonts/umsb.fd
File: umsb.fd 2013/01/14 v3.01 AMS symbols B
) [1

{/var/lib/texmf/fonts/map/pdftex/updmap/pdftex.map}] [2] [3] [4] [5]
Overfull \hbox (14.36676pt too wide) in paragraph at lines 81--81
[]\OT1/lmr/bx/n/17.28 Un tem-prano en-fo-que de eco-no-fi-si-ca: Levy-Levy-
 []


Underfull \hbox (badness 10000) in paragraph at lines 86--88

 []

[6]

LaTeX Warning: Reference `t1' on page 7 undefined on input line 101.


LaTeX Warning: Reference `t1' on page 7 undefined on input line 103.

[7] [8] [9]

LaTeX Warning: Reference `ec1' on page 10 undefined on input line 179.

[10]

LaTeX Warning: Reference `ec15' on page 11 undefined on input line 209.

[11]

LaTeX Warning: Reference `ec12' on page 12 undefined on input line 232.


LaTeX Warning: Reference `ec22' on page 12 undefined on input line 240.

[12]

LaTeX Warning: Reference `ec24' on page 13 undefined on input line 265.


Overfull \hbox (22.1005pt too wide) detected at line 280
[] \OT1/cmr/m/n/12 = [][] [][] [] \OML/cmm/m/it/12 d"dn
 []

[13]

LaTeX Warning: Reference `ec17' on page 14 undefined on input line 286.


LaTeX Warning: Reference `26' on page 14 undefined on input line 291.


LaTeX Warning: Reference `ec14' on page 14 undefined on input line 291.

[14]

LaTeX Warning: Reference `25' on page 15 undefined on input line 313.


Overfull \hbox (26.40527pt too wide) detected at line 316
[] [][] \OML/cmm/m/it/12 f\OT1/cmr/m/n/12 (\OML/cmm/m/it/12 w; t\OT1/cmr/m/n/12
 )\OML/cmm/m/it/12 \OT1/cmr/m/n/12 (\OML/cmm/m/it/12 w\OT1/cmr/m/n/12 )\OML/cm
m/m/it/12 dw \OT1/cmr/m/n/12 = [][] [][] [][] (\OML/cmm/m/it/12 \OT1/cmr/m/n/
12 (\OML/cmm/m/it/12 S\OT1/cmr/m/n/12 )\OML/cmm/m/it/12 ; "\OT1/cmr/m/n/12 )(\
OML/cmm/m/it/12 n\OT1/cmr/m/n/12 )\OML/cmm/m/it/12 f\OT1/cmr/m/n/12 (\OML/cmm/m
/it/12 w; t\OT1/cmr/m/n/12 )(\OML/cmm/m/it/12 \OT1/cmr/m/n/12 (\OML/cmm/m/it/1
2 w[]\OT1/cmr/m/n/12 ) \OMS/cmsy/m/n/12   \OML/cmm/m/it/12 \OT1/cmr/m/n/12 (\O
ML/cmm/m/it/12 w\OT1/cmr/m/n/12 ))\OML/cmm/m/it/12 d"dndw
 []


LaTeX Warning: Reference `ec26' on page 15 undefined on input line 317.


LaTeX Warning: Reference `ec31' on page 15 undefined on input line 321.


LaTeX Warning: Reference `25' on page 15 undefined on input line 321.


LaTeX Warning: Reference `ec31' on page 15 undefined on input line 322.

[15]

LaTeX Warning: Reference `ec22' on page 16 undefined on input line 334.


LaTeX Warning: Reference `ec24' on page 16 undefined on input line 338.


LaTeX Warning: Reference `ec34' on page 16 undefined on input line 342.


LaTeX Warning: Reference `12' on page 16 undefined on input line 346.


LaTeX Warning: Reference `36' on page 16 undefined on input line 358.

[16]
Overfull \hbox (89.13771pt too wide) in alignment at lines 374--377
 [][][] []
 []

[17]
Overfull \hbox (460.81525pt too wide) detected at line 414
\OT1/cmr/m/n/12 +\OML/cmm/m/it/12 p\OT1/cmr/m/n/12 (\OML/cmm/m/it/12 p \OMS/cms
y/m/n/12   \OT1/cmr/m/n/12 1)\OML/cmm/m/it/12 C[] []
 []


LaTeX Warning: Reference `ec36' on page 18 undefined on input line 418.


LaTeX Warning: Reference `ec37' on page 18 undefined on input line 419.


LaTeX Warning: Reference `ec41' on page 18 undefined on input line 419.


Overfull \hbox (22.90527pt too wide) in paragraph at lines 420--420
[]\OT1/lmr/bx/n/17.28 So-lu-ción auto-similar y Asim-to-ti-ca Fokker-Planck 
 []

[18] [19] [20] [21]

Package natbib Warning: Citation `Zschischang2001' on page 22 undefined on input
 line 462.

[22] [23] (./doc_01.bbl)

Package natbib Warning: There were undefined citations.

[24] (./doc_01.aux
LaTeX Info: Redefining \. on input line 7.
LaTeX Info: Redefining \% on input line 7.
)

LaTeX Warning: There were undefined references.


LaTeX Warning: Label(s) may have changed. Rerun to get cross-references right.

)

Here is how much of LuaTeX's memory you used:
 2748 strings out of 494480
 100000,128383 words of node,token memory allocated
 445 words of node memory still in use:
   6 hlist, 2 vlist, 2 rule, 5 glue, 1 kern, 50 glue_spec, 1 write nodes
   avail lists: 2:19,3:150,4:45,5:241,6:4891,7:1686,8:117,9:241,10:27,11:751
 6763 multiletter control sequences out of 65536+600000
 64 fonts using 2658287 bytes
 27i,8n,30p,1465b,278s stack positions out of 5000i,500n,10000p,200000b,100000s
{/usr/share/texmf/fonts/enc/dvips/lm/lm-rm.enc}</usr/share/texlive/texmf-dist/fo
nts/type1/public/amsfonts/cm/cmex10.pfb></usr/share/texlive/texmf-dist/fonts/typ
e1/public/amsfonts/cm/cmmi12.pfb></usr/share/texlive/texmf-dist/fonts/type1/publ
ic/amsfonts/cm/cmmi6.pfb></usr/share/texlive/texmf-dist/fonts/type1/public/amsfo
nts/cm/cmmi8.pfb></usr/share/texlive/texmf-dist/fonts/type1/public/amsfonts/cm/c
mr12.pfb></usr/share/texlive/texmf-dist/fonts/type1/public/amsfonts/cm/cmr6.pfb>
</usr/share/texlive/texmf-dist/fonts/type1/public/amsfonts/cm/cmr8.pfb></usr/sha
re/texlive/texmf-dist/fonts/type1/public/amsfonts/cm/cmsy10.pfb></usr/share/texl
ive/texmf-dist/fonts/type1/public/amsfonts/cm/cmsy8.pfb></usr/share/texmf/fonts/
type1/public/lm/lmbx12.pfb></usr/share/texmf/fonts/type1/public/lm/lmr10.pfb></u
sr/share/texmf/fonts/type1/public/lm/lmr12.pfb></usr/share/texmf/fonts/type1/pub
lic/lm/lmr7.pfb></usr/share/texmf/fonts/type1/public/lm/lmr8.pfb></usr/share/tex
mf/fonts/type1/public/lm/lmri10.pfb></usr/share/texmf/fonts/type1/public/lm/lmri
12.pfb>
Output written on doc_01.pdf (24 pages, 328352 bytes).

PDF statistics: 146 PDF objects out of 1000 (max. 8388607)
 102 compressed objects within 2 object streams
 0 named destinations out of 1000 (max. 131072)
 1 words of extra memory for PDF output out of 10000 (max. 100000000)

